<?xml version="1.0" encoding="UTF-8"?>
<!-- Generated by org.testng.reporters.JUnitXMLReporter -->
<testsuite hostname="Yashi" name="Regression" tests="3" failures="3" timestamp="19 Jan 2018 12:27:51 GMT" time="110.702" errors="0">
  <testcase name="testBirthdayScreen" time="32.054" classname="com.arbohub.testcases.CricketAndCelebrationsTest">
    <failure type="org.openqa.selenium.WebDriverException" message="An unknown server-side error occurred while processing the command. Original error: Error occured while starting App. Original error: &amp;apos;ContactShortcut&amp;apos; never started (WARNING: The server did not provide any stacktrace information)
Command duration or timeout: 30.66 seconds
Build info: version: &amp;apos;3.0.1&amp;apos;, revision: &amp;apos;1969d75&amp;apos;, time: &amp;apos;2016-10-18 09:49:13 -0700&amp;apos;
System info: host: &amp;apos;Yashi&amp;apos;, ip: &amp;apos;10.10.14.217&amp;apos;, os.name: &amp;apos;Windows 8.1&amp;apos;, os.arch: &amp;apos;amd64&amp;apos;, os.version: &amp;apos;6.3&amp;apos;, java.version: &amp;apos;1.8.0_20-ea&amp;apos;
Driver info: io.appium.java_client.android.AndroidDriver
Capabilities [{app=F:\ArboHub_Workspace\arbohub\arbohub.apk, appPackage=com.panasonic.arbohub, deviceScreenSize=720x1280, networkConnectionEnabled=true, noReset=true, warnings={}, appWaitPackage=com.panasonic.arbohub, appWaitActivity=com.panasonic.arbohub.SplashActivity, newCommandTimeOut=5, databaseEnabled=false, deviceName=T4SWCABYFM5LTCKZ, platform=LINUX, deviceUDID=T4SWCABYFM5LTCKZ, appActivity=com.panasonic.arbohub.SplashActivity, desired={app=F:\ArboHub_Workspace\arbohub\arbohub.apk, noReset=true, platformVersion=7.0, automationName=Appium, newCommandTimeOut=5, platformName=Android, deviceName=T4SWCABYFM5LTCKZ}, platformVersion=7.0, webStorageEnabled=false, locationContextEnabled=false, automationName=Appium, takesScreenshot=true, javascriptEnabled=true, deviceModel=ELUGA_I2_Activ, platformName=Android, deviceManufacturer=PANASONIC}]
Session ID: 2740f8cf-1780-4921-a531-c97ad3954898">
      <![CDATA[org.openqa.selenium.WebDriverException: An unknown server-side error occurred while processing the command. Original error: Error occured while starting App. Original error: 'ContactShortcut' never started (WARNING: The server did not provide any stacktrace information)
Command duration or timeout: 30.66 seconds
Build info: version: '3.0.1', revision: '1969d75', time: '2016-10-18 09:49:13 -0700'
System info: host: 'Yashi', ip: '10.10.14.217', os.name: 'Windows 8.1', os.arch: 'amd64', os.version: '6.3', java.version: '1.8.0_20-ea'
Driver info: io.appium.java_client.android.AndroidDriver
Capabilities [{app=F:\ArboHub_Workspace\arbohub\arbohub.apk, appPackage=com.panasonic.arbohub, deviceScreenSize=720x1280, networkConnectionEnabled=true, noReset=true, warnings={}, appWaitPackage=com.panasonic.arbohub, appWaitActivity=com.panasonic.arbohub.SplashActivity, newCommandTimeOut=5, databaseEnabled=false, deviceName=T4SWCABYFM5LTCKZ, platform=LINUX, deviceUDID=T4SWCABYFM5LTCKZ, appActivity=com.panasonic.arbohub.SplashActivity, desired={app=F:\ArboHub_Workspace\arbohub\arbohub.apk, noReset=true, platformVersion=7.0, automationName=Appium, newCommandTimeOut=5, platformName=Android, deviceName=T4SWCABYFM5LTCKZ}, platformVersion=7.0, webStorageEnabled=false, locationContextEnabled=false, automationName=Appium, takesScreenshot=true, javascriptEnabled=true, deviceModel=ELUGA_I2_Activ, platformName=Android, deviceManufacturer=PANASONIC}]
Session ID: 2740f8cf-1780-4921-a531-c97ad3954898
	at org.openqa.selenium.remote.ErrorHandler.createThrowable(ErrorHandler.java:216)
	at org.openqa.selenium.remote.ErrorHandler.throwIfResponseFailed(ErrorHandler.java:168)
	at org.openqa.selenium.remote.RemoteWebDriver.execute(RemoteWebDriver.java:635)
	at io.appium.java_client.DefaultGenericMobileDriver.execute(DefaultGenericMobileDriver.java:40)
	at io.appium.java_client.AppiumDriver.execute(AppiumDriver.java:1)
	at io.appium.java_client.android.AndroidDriver.execute(AndroidDriver.java:1)
	at io.appium.java_client.CommandExecutionHelper.execute(CommandExecutionHelper.java:32)
	at io.appium.java_client.android.AndroidDriver.startActivity(AndroidDriver.java:266)
	at io.appium.java_client.android.AndroidDriver.startActivity(AndroidDriver.java:291)
	at com.arbohub.pages.HomePage.switchToContactsApp(HomePage.java:187)
	at com.arbohub.pages.CricketCelebrationsPage.addContact(CricketCelebrationsPage.java:350)
	at com.arbohub.testcases.CricketAndCelebrationsTest.testBirthdayScreen(CricketAndCelebrationsTest.java:103)
... Removed 28 stack frames]]>
    </failure>
  </testcase> <!-- testBirthdayScreen -->
  <testcase name="testAnniversaryScreen" time="0.314" classname="com.arbohub.testcases.CricketAndCelebrationsTest">
    <failure type="java.lang.NullPointerException">
      <![CDATA[java.lang.NullPointerException
	at com.arbohub.library.GenericLibrary.toReadExcelData(GenericLibrary.java:108)
	at com.arbohub.library.HtmlReportListener.onTestStart(HtmlReportListener.java:33)
... Removed 21 stack frames]]>
    </failure>
  </testcase> <!-- testAnniversaryScreen -->
  <testcase name="testAnniversaryScreen" time="36.266" classname="com.arbohub.testcases.CricketAndCelebrationsTest">
    <failure type="java.lang.NullPointerException">
      <![CDATA[java.lang.NullPointerException
	at com.kirwa.nxgreport.NXGReports.takeBrowserPageScreenShot(NXGReports.java:228)
	at com.kirwa.nxgreport.NXGReports.addStep(NXGReports.java:78)
	at com.arbohub.library.MyNXGTestListner.onTestFailure(MyNXGTestListner.java:71)
... Removed 21 stack frames]]>
    </failure>
  </testcase> <!-- testAnniversaryScreen -->
</testsuite> <!-- Regression -->
